
Showing logs for build [32mcb-kubecd-bdd-gh-1596562934-pr-27d8c-1[0m stage [32mfrom-build-pack[0m and container [32mstep-credential-initializer-sdw89[0m
{"level":"info","ts":1596563715.1575522,"logger":"fallback-logger","caller":"logging/config.go:69","msg":"Fetch GitHub commit ID from kodata failed: open /var/run/ko/refs/heads/0.8.0-ns-support: no such file or directory"}
{"level":"info","ts":1596563715.1580584,"logger":"fallback-logger","caller":"creds-init/main.go:40","msg":"Credentials initialized."}

Showing logs for build [32mcb-kubecd-bdd-gh-1596562934-pr-27d8c-1[0m stage [32mfrom-build-pack[0m and container [32mstep-working-dir-initializer-tbpf2[0m
{"level":"info","ts":1596563715.798001,"logger":"fallback-logger","caller":"logging/config.go:69","msg":"Fetch GitHub commit ID from kodata failed: open /var/run/ko/HEAD: no such file or directory"}
{"level":"info","ts":1596563715.7990031,"logger":"fallback-logger","caller":"bash/main.go:64","msg":"Successfully executed command \"sh -c mkdir -p /workspace/source\"; output "}

Showing logs for build [32mcb-kubecd-bdd-gh-1596562934-pr-27d8c-1[0m stage [32mfrom-build-pack[0m and container [32mstep-place-tools[0m

Showing logs for build [32mcb-kubecd-bdd-gh-1596562934-pr-27d8c-1[0m stage [32mfrom-build-pack[0m and container [32mstep-git-source-cb-kubecd-bdd-gh-1596562934-pr-27d8c-t5lbj[0m
{"level":"info","ts":1596563720.9098873,"logger":"fallback-logger","caller":"logging/config.go:69","msg":"Fetch GitHub commit ID from kodata failed: open /var/run/ko/refs/heads/0.8.0-ns-support: no such file or directory"}
{"level":"info","ts":1596563721.9797766,"logger":"fallback-logger","caller":"git/git.go:103","msg":"Successfully cloned https://github.com/cb-kubecd/bdd-gh-1596562934.git @ master in path /workspace/source"}

Showing logs for build [32mcb-kubecd-bdd-gh-1596562934-pr-27d8c-1[0m stage [32mfrom-build-pack[0m and container [32mstep-git-merge[0m
Using SHAs from PULL_REFS=master:7806a1488bd79ee938b3951c9ad47718034c8a87,1:ce1a508cc28900240e39a47933796714b544e93e
DEBUG: LC_ALL=C JX_LOG_LEVEL=error git fetch origin --unshallow ce1a508cc28900240e39a47933796714b544e93e: 7806a1488bd79ee938b3951c9ad47718034c8a87:
DEBUG: ran git fetch --unshallow origin ce1a508cc28900240e39a47933796714b544e93e: 7806a1488bd79ee938b3951c9ad47718034c8a87: in 
DEBUG: LC_ALL=C JX_LOG_LEVEL=error git branch
DEBUG: LC_ALL=C JX_LOG_LEVEL=error git checkout master
DEBUG: ran git checkout master in 
DEBUG: LC_ALL=C JX_LOG_LEVEL=error git reset --hard 7806a1488bd79ee938b3951c9ad47718034c8a87
DEBUG: ran git reset --hard 7806a1488bd79ee938b3951c9ad47718034c8a87 in 
DEBUG: LC_ALL=C JX_LOG_LEVEL=error git clean -fd .
DEBUG: ran clean --force -d . in 
DEBUG: LC_ALL=C JX_LOG_LEVEL=error git merge ce1a508cc28900240e39a47933796714b544e93e
DEBUG: ran git merge ce1a508cc28900240e39a47933796714b544e93e in 
DEBUG: JX_LOG_LEVEL=error LC_ALL=C git log --format=%H%x1f%an%x1f%ae%x1f%cn%x1f%ce%x1f%s%n%b%x1e 7806a1488bd79ee938b3951c9ad47718034c8a87..HEAD
Merged SHA ce1a508cc28900240e39a47933796714b544e93e with commit message 'My first PR commit' into base branch master

Showing logs for build [32mcb-kubecd-bdd-gh-1596562934-pr-27d8c-1[0m stage [32mfrom-build-pack[0m and container [32mstep-build-make-linux[0m
CGO_ENABLED=0 GOOS=linux GOARCH=amd64 GO15VENDOREXPERIMENT=1 go build -ldflags '' -o bin/bdd-gh-1596562934 main.go

Showing logs for build [32mcb-kubecd-bdd-gh-1596562934-pr-27d8c-1[0m stage [32mfrom-build-pack[0m and container [32mstep-build-container-build[0m
ERROR: logging before flag.Parse: E0804 17:55:27.424773      11 metadata.go:241] Failed to unmarshal scopes: json: cannot unmarshal string into Go value of type []string
[36mINFO[0m[0000] Resolved base name scratch to scratch        
[36mINFO[0m[0000] Using dockerignore file: /workspace/source/.dockerignore 
[36mINFO[0m[0000] Resolved base name scratch to scratch        
[36mINFO[0m[0000] Built cross stage deps: map[]                
[36mINFO[0m[0000] No base image, nothing to extract            
[36mINFO[0m[0000] cmd: EXPOSE                                  
[36mINFO[0m[0000] Adding exposed port: 8080/tcp                
[36mINFO[0m[0000] Checking for cached layer gcr.io/jenkins-x-labs-bdd/cache:e60165709e8fec65c0b1eb7d2d3263adc185d41667cd5d73eda555a5d1207592... 
[36mINFO[0m[0001] Using caching version of cmd: COPY ./bin/ /  
[36mINFO[0m[0001] Skipping unpacking as no commands require it. 
[36mINFO[0m[0001] Taking snapshot of full filesystem...        
[36mINFO[0m[0001] Resolving paths                              
[36mINFO[0m[0001] EXPOSE 8080                                  
[36mINFO[0m[0001] cmd: EXPOSE                                  
[36mINFO[0m[0001] Adding exposed port: 8080/tcp                
[36mINFO[0m[0001] No files changed in this command, skipping snapshotting. 
[36mINFO[0m[0001] ENTRYPOINT ["/bdd-gh-1596562934"]            
[36mINFO[0m[0001] No files changed in this command, skipping snapshotting. 
[36mINFO[0m[0001] COPY ./bin/ /                                
[36mINFO[0m[0001] Found cached layer, extracting to filesystem 

Showing logs for build [32mcb-kubecd-bdd-gh-1596562934-pr-27d8c-1[0m stage [32mfrom-build-pack[0m and container [32mstep-promote-make-preview[0m
sed -i -e "s/version:.*/version: 0.0.0-SNAPSHOT-PR-1-1/" Chart.yaml
sed -i -e "s/version:.*/version: 0.0.0-SNAPSHOT-PR-1-1/" ../*/Chart.yaml
sed -i -e "s|repository:.*|repository: gcr.io\/jenkins-x-labs-bdd\/bdd-gh-1596562934|" values.yaml
sed -i -e "s/tag:.*/tag: 0.0.0-SNAPSHOT-PR-1-1/" values.yaml
echo "  version: 0.0.0-SNAPSHOT-PR-1-1" >> requirements.yaml
** step helm build
WARNING: No $CHART_REPOSITORY defined so using the default value of: http://jenkins-x-chartmuseum:8080
Adding missing Helm repo: storage.googleapis.com https://storage.googleapis.com/chartmuseum.jenkins-x.io
Successfully added Helm repository storage.googleapis.com.
Adding missing Helm repo: jenkins-x-chartmuseum http://jenkins-x-chartmuseum:8080
Successfully added Helm repository jenkins-x-chartmuseum.
WARNING: No $CHART_REPOSITORY defined so using the default value of: http://jenkins-x-chartmuseum:8080

Showing logs for build [32mcb-kubecd-bdd-gh-1596562934-pr-27d8c-1[0m stage [32mfrom-build-pack[0m and container [32mstep-promote-jx-preview[0m
Creating a preview
Created environment cb-kubecd-bdd-gh-1596562934-pr-1
Namespace **-cb-kubecd-bdd-gh-1596562934-pr-1 created 
expose:
  Annotations:
    helm.sh/hook: post-install,post-upgrade
    helm.sh/hook-delete-policy: hook-succeeded
  config:
    domain: 34.78.240.206.nip.io
    exposer: Ingress
    http: "true"
preview:
  image:
    repository: gcr.io/jenkins-x-labs-bdd/bdd-gh-1596562934
    tag: 0.0.0-SNAPSHOT-PR-1-1
adding helm values file /workspace/source/charts/preview/**-values.yaml for namespace **-cb-kubecd-bdd-gh-1596562934-pr-1
about to run: git clone https://github.com/jenkins-x/**r-versions.git /tmp/481329337/jenkins-x-versions in dir /tmp/481329337
Cloning into '/tmp/481329337/jenkins-x-versions'...
about to run: git fetch origin 1999fb47236dd48812cd1d124da5ec0b6de9eb40 in dir /tmp/481329337/jenkins-x-versions
From https://github.com/jenkins-x/**r-versions
 * branch            1999fb47236dd48812cd1d124da5ec0b6de9eb40 -> FETCH_HEAD
about to run: git branch -r in dir /tmp/481329337/jenkins-x-versions
origin/HEAD -> origin/master
  origin/changes
  origin/gh-pages
  origin/jstrachan-patch-1
  origin/jstrachan-patch-10
  origin/jstrachan-patch-11
  origin/jstrachan-patch-12
  origin/jstrachan-patch-13
  origin/jstrachan-patch-14
  origin/jstrachan-patch-15
  origin/jstrachan-patch-16
  origin/jstrachan-patch-17
  origin/jstrachan-patch-18
  origin/jstrachan-patch-19
  origin/jstrachan-patch-2
  origin/jstrachan-patch-20
  origin/jstrachan-patch-21
  origin/jstrachan-patch-22
  origin/jstrachan-patch-23
  origin/jstrachan-patch-24
  origin/jstrachan-patch-25
  origin/jstrachan-patch-26
  origin/jstrachan-patch-27
  origin/jstrachan-patch-28
  origin/jstrachan-patch-29
  origin/jstrachan-patch-3
  origin/jstrachan-patch-30
  origin/jstrachan-patch-31
  origin/jstrachan-patch-32
  origin/jstrachan-patch-33
  origin/jstrachan-patch-34
  origin/jstrachan-patch-4
  origin/jstrachan-patch-5
  origin/jstrachan-patch-6
  origin/jstrachan-patch-7
  origin/jstrachan-patch-8
  origin/jstrachan-patch-9
  origin/**v3v4
  origin/master
about to run: git checkout FETCH_HEAD in dir /tmp/481329337/jenkins-x-versions
Note: checking out 'FETCH_HEAD'.

You are in 'detached HEAD' state. You can look around, make experimental
changes and commit them, and you can discard any commits you make in this
state without impacting any branches by performing another checkout.

If you want to create a new branch to retain commits you create, you may
do so (now or later) by using -b with the checkout command again. Example:

  git checkout -b <new-branch-name>

HEAD is now at 1999fb4 fix: upgrade **-cli
about to run: git fetch --tags in dir /tmp/481329337/jenkins-x-versions
about to run: git describe 1999fb47236dd48812cd1d124da5ec0b6de9eb40 --abbrev=0 --contains in dir /tmp/481329337/jenkins-x-versions
fatal: cannot describe '1999fb47236dd48812cd1d124da5ec0b6de9eb40'
Updating PipelineActivities cb-kubecd-bdd-gh-1596562934-pr-1-1 which has status Running
WARNING: preview application http://bdd-gh-1596562934-**-cb-kubecd-bdd-gh-1596562934-pr-1.34.78.240.206.nip.io not available, error was 503 503 Service Temporarily Unavailable, delaying for: 818.058174ms
Preview application is now available at: http://bdd-gh-1596562934-**-cb-kubecd-bdd-gh-1596562934-pr-1.34.78.240.206.nip.io
